<?xml version="1.0" encoding="UTF-8"?>
<testsuite xmlns:xsi="http://www.w3.org/2001/XMLSchema-instance" xsi:noNamespaceSchemaLocation="https://maven.apache.org/surefire/maven-surefire-plugin/xsd/surefire-test-report.xsd" name="ec.edu.espe.urbanizationtreasury.controller.PaymentControllerTest" time="4.214" tests="5" errors="4" skipped="0" failures="0">
  <properties>
    <property name="java.specification.version" value="19"/>
    <property name="sun.cpu.isalist" value="amd64"/>
    <property name="sun.jnu.encoding" value="Cp1252"/>
    <property name="java.class.path" value="C:\Users\cesar\OneDrive\Desktop\Urbanization Treasury v 3.0.0\UrbanizationTreasurySystem\target\test-classes;C:\Users\cesar\OneDrive\Desktop\Urbanization Treasury v 3.0.0\UrbanizationTreasurySystem\target\classes;C:\Users\cesar\.m2\repository\org\mongodb\mongodb-driver-sync\4.2.3\mongodb-driver-sync-4.2.3.jar;C:\Users\cesar\.m2\repository\org\mongodb\bson\4.2.3\bson-4.2.3.jar;C:\Users\cesar\.m2\repository\org\mongodb\mongodb-driver-core\4.2.3\mongodb-driver-core-4.2.3.jar;C:\Users\cesar\.m2\repository\org\codehaus\mojo\exec-maven-plugin\3.0.0\exec-maven-plugin-3.0.0.jar;C:\Users\cesar\.m2\repository\org\apache\maven\maven-model\3.0\maven-model-3.0.jar;C:\Users\cesar\.m2\repository\org\apache\maven\maven-artifact\3.0\maven-artifact-3.0.jar;C:\Users\cesar\.m2\repository\org\apache\maven\maven-core\3.0\maven-core-3.0.jar;C:\Users\cesar\.m2\repository\org\apache\maven\maven-settings\3.0\maven-settings-3.0.jar;C:\Users\cesar\.m2\repository\org\apache\maven\maven-settings-builder\3.0\maven-settings-builder-3.0.jar;C:\Users\cesar\.m2\repository\org\apache\maven\maven-repository-metadata\3.0\maven-repository-metadata-3.0.jar;C:\Users\cesar\.m2\repository\org\apache\maven\maven-model-builder\3.0\maven-model-builder-3.0.jar;C:\Users\cesar\.m2\repository\org\apache\maven\maven-aether-provider\3.0\maven-aether-provider-3.0.jar;C:\Users\cesar\.m2\repository\org\sonatype\aether\aether-impl\1.7\aether-impl-1.7.jar;C:\Users\cesar\.m2\repository\org\sonatype\aether\aether-spi\1.7\aether-spi-1.7.jar;C:\Users\cesar\.m2\repository\org\sonatype\aether\aether-api\1.7\aether-api-1.7.jar;C:\Users\cesar\.m2\repository\org\sonatype\aether\aether-util\1.7\aether-util-1.7.jar;C:\Users\cesar\.m2\repository\org\sonatype\sisu\sisu-inject-plexus\1.4.2\sisu-inject-plexus-1.4.2.jar;C:\Users\cesar\.m2\repository\org\sonatype\sisu\sisu-inject-bean\1.4.2\sisu-inject-bean-1.4.2.jar;C:\Users\cesar\.m2\repository\org\sonatype\sisu\sisu-guice\2.1.7\sisu-guice-2.1.7-noaop.jar;C:\Users\cesar\.m2\repository\org\codehaus\plexus\plexus-interpolation\1.14\plexus-interpolation-1.14.jar;C:\Users\cesar\.m2\repository\org\codehaus\plexus\plexus-classworlds\2.2.3\plexus-classworlds-2.2.3.jar;C:\Users\cesar\.m2\repository\org\codehaus\plexus\plexus-component-annotations\1.5.5\plexus-component-annotations-1.5.5.jar;C:\Users\cesar\.m2\repository\org\sonatype\plexus\plexus-sec-dispatcher\1.3\plexus-sec-dispatcher-1.3.jar;C:\Users\cesar\.m2\repository\org\sonatype\plexus\plexus-cipher\1.4\plexus-cipher-1.4.jar;C:\Users\cesar\.m2\repository\org\apache\maven\maven-plugin-api\3.0\maven-plugin-api-3.0.jar;C:\Users\cesar\.m2\repository\org\codehaus\plexus\plexus-utils\3.0.20\plexus-utils-3.0.20.jar;C:\Users\cesar\.m2\repository\org\apache\commons\commons-exec\1.3\commons-exec-1.3.jar;C:\Users\cesar\.m2\repository\org\apache\maven\shared\maven-artifact-transfer\0.10.1\maven-artifact-transfer-0.10.1.jar;C:\Users\cesar\.m2\repository\org\apache\maven\shared\maven-common-artifact-filters\3.0.1\maven-common-artifact-filters-3.0.1.jar;C:\Users\cesar\.m2\repository\org\apache\maven\shared\maven-shared-utils\3.1.0\maven-shared-utils-3.1.0.jar;C:\Users\cesar\.m2\repository\commons-io\commons-io\2.5\commons-io-2.5.jar;C:\Users\cesar\.m2\repository\commons-codec\commons-codec\1.11\commons-codec-1.11.jar;C:\Users\cesar\.m2\repository\org\slf4j\slf4j-simple\1.7.21\slf4j-simple-1.7.21.jar;C:\Users\cesar\.m2\repository\org\slf4j\slf4j-api\1.7.21\slf4j-api-1.7.21.jar;C:\Users\cesar\.m2\repository\com\google\code\gson\gson\2.9.0\gson-2.9.0.jar;C:\Users\cesar\.m2\repository\ch\qos\logback\logback-classic\1.2.11\logback-classic-1.2.11.jar;C:\Users\cesar\.m2\repository\ch\qos\logback\logback-core\1.2.11\logback-core-1.2.11.jar;C:\Users\cesar\.m2\repository\org\junit\jupiter\junit-jupiter-api\5.6.0\junit-jupiter-api-5.6.0.jar;C:\Users\cesar\.m2\repository\org\apiguardian\apiguardian-api\1.1.0\apiguardian-api-1.1.0.jar;C:\Users\cesar\.m2\repository\org\opentest4j\opentest4j\1.2.0\opentest4j-1.2.0.jar;C:\Users\cesar\.m2\repository\org\junit\platform\junit-platform-commons\1.6.0\junit-platform-commons-1.6.0.jar;C:\Users\cesar\.m2\repository\org\junit\jupiter\junit-jupiter-params\5.6.0\junit-jupiter-params-5.6.0.jar;C:\Users\cesar\.m2\repository\org\junit\jupiter\junit-jupiter-engine\5.6.0\junit-jupiter-engine-5.6.0.jar;C:\Users\cesar\.m2\repository\org\junit\platform\junit-platform-engine\1.6.0\junit-platform-engine-1.6.0.jar;C:\Users\cesar\.m2\repository\org\hamcrest\hamcrest-core\1.3\hamcrest-core-1.3.jar;C:\Users\cesar\.m2\repository\junit\junit\4.12\junit-4.12.jar;"/>
    <property name="java.vm.vendor" value="Oracle Corporation"/>
    <property name="sun.arch.data.model" value="64"/>
    <property name="user.variant" value=""/>
    <property name="java.vendor.url" value="https://java.oracle.com/"/>
    <property name="user.timezone" value="America/Bogota"/>
    <property name="os.name" value="Windows 11"/>
    <property name="java.vm.specification.version" value="19"/>
    <property name="user.country" value="US"/>
    <property name="sun.java.launcher" value="SUN_STANDARD"/>
    <property name="sun.boot.library.path" value="C:\Program Files\Java\jdk-19\bin"/>
    <property name="sun.java.command" value="C:\Users\cesar\AppData\Local\Temp\surefire4579391404437693281\surefirebooter4389673806835949269.jar C:\Users\cesar\AppData\Local\Temp\surefire4579391404437693281 2023-03-01T22-31-46_363-jvmRun1 surefire3279529100475768939tmp surefire_0743681303330292907tmp"/>
    <property name="jdk.debug" value="release"/>
    <property name="test" value="ec.edu.espe.urbanizationtreasury.controller.PaymentControllerTest"/>
    <property name="surefire.test.class.path" value="C:\Users\cesar\OneDrive\Desktop\Urbanization Treasury v 3.0.0\UrbanizationTreasurySystem\target\test-classes;C:\Users\cesar\OneDrive\Desktop\Urbanization Treasury v 3.0.0\UrbanizationTreasurySystem\target\classes;C:\Users\cesar\.m2\repository\org\mongodb\mongodb-driver-sync\4.2.3\mongodb-driver-sync-4.2.3.jar;C:\Users\cesar\.m2\repository\org\mongodb\bson\4.2.3\bson-4.2.3.jar;C:\Users\cesar\.m2\repository\org\mongodb\mongodb-driver-core\4.2.3\mongodb-driver-core-4.2.3.jar;C:\Users\cesar\.m2\repository\org\codehaus\mojo\exec-maven-plugin\3.0.0\exec-maven-plugin-3.0.0.jar;C:\Users\cesar\.m2\repository\org\apache\maven\maven-model\3.0\maven-model-3.0.jar;C:\Users\cesar\.m2\repository\org\apache\maven\maven-artifact\3.0\maven-artifact-3.0.jar;C:\Users\cesar\.m2\repository\org\apache\maven\maven-core\3.0\maven-core-3.0.jar;C:\Users\cesar\.m2\repository\org\apache\maven\maven-settings\3.0\maven-settings-3.0.jar;C:\Users\cesar\.m2\repository\org\apache\maven\maven-settings-builder\3.0\maven-settings-builder-3.0.jar;C:\Users\cesar\.m2\repository\org\apache\maven\maven-repository-metadata\3.0\maven-repository-metadata-3.0.jar;C:\Users\cesar\.m2\repository\org\apache\maven\maven-model-builder\3.0\maven-model-builder-3.0.jar;C:\Users\cesar\.m2\repository\org\apache\maven\maven-aether-provider\3.0\maven-aether-provider-3.0.jar;C:\Users\cesar\.m2\repository\org\sonatype\aether\aether-impl\1.7\aether-impl-1.7.jar;C:\Users\cesar\.m2\repository\org\sonatype\aether\aether-spi\1.7\aether-spi-1.7.jar;C:\Users\cesar\.m2\repository\org\sonatype\aether\aether-api\1.7\aether-api-1.7.jar;C:\Users\cesar\.m2\repository\org\sonatype\aether\aether-util\1.7\aether-util-1.7.jar;C:\Users\cesar\.m2\repository\org\sonatype\sisu\sisu-inject-plexus\1.4.2\sisu-inject-plexus-1.4.2.jar;C:\Users\cesar\.m2\repository\org\sonatype\sisu\sisu-inject-bean\1.4.2\sisu-inject-bean-1.4.2.jar;C:\Users\cesar\.m2\repository\org\sonatype\sisu\sisu-guice\2.1.7\sisu-guice-2.1.7-noaop.jar;C:\Users\cesar\.m2\repository\org\codehaus\plexus\plexus-interpolation\1.14\plexus-interpolation-1.14.jar;C:\Users\cesar\.m2\repository\org\codehaus\plexus\plexus-classworlds\2.2.3\plexus-classworlds-2.2.3.jar;C:\Users\cesar\.m2\repository\org\codehaus\plexus\plexus-component-annotations\1.5.5\plexus-component-annotations-1.5.5.jar;C:\Users\cesar\.m2\repository\org\sonatype\plexus\plexus-sec-dispatcher\1.3\plexus-sec-dispatcher-1.3.jar;C:\Users\cesar\.m2\repository\org\sonatype\plexus\plexus-cipher\1.4\plexus-cipher-1.4.jar;C:\Users\cesar\.m2\repository\org\apache\maven\maven-plugin-api\3.0\maven-plugin-api-3.0.jar;C:\Users\cesar\.m2\repository\org\codehaus\plexus\plexus-utils\3.0.20\plexus-utils-3.0.20.jar;C:\Users\cesar\.m2\repository\org\apache\commons\commons-exec\1.3\commons-exec-1.3.jar;C:\Users\cesar\.m2\repository\org\apache\maven\shared\maven-artifact-transfer\0.10.1\maven-artifact-transfer-0.10.1.jar;C:\Users\cesar\.m2\repository\org\apache\maven\shared\maven-common-artifact-filters\3.0.1\maven-common-artifact-filters-3.0.1.jar;C:\Users\cesar\.m2\repository\org\apache\maven\shared\maven-shared-utils\3.1.0\maven-shared-utils-3.1.0.jar;C:\Users\cesar\.m2\repository\commons-io\commons-io\2.5\commons-io-2.5.jar;C:\Users\cesar\.m2\repository\commons-codec\commons-codec\1.11\commons-codec-1.11.jar;C:\Users\cesar\.m2\repository\org\slf4j\slf4j-simple\1.7.21\slf4j-simple-1.7.21.jar;C:\Users\cesar\.m2\repository\org\slf4j\slf4j-api\1.7.21\slf4j-api-1.7.21.jar;C:\Users\cesar\.m2\repository\com\google\code\gson\gson\2.9.0\gson-2.9.0.jar;C:\Users\cesar\.m2\repository\ch\qos\logback\logback-classic\1.2.11\logback-classic-1.2.11.jar;C:\Users\cesar\.m2\repository\ch\qos\logback\logback-core\1.2.11\logback-core-1.2.11.jar;C:\Users\cesar\.m2\repository\org\junit\jupiter\junit-jupiter-api\5.6.0\junit-jupiter-api-5.6.0.jar;C:\Users\cesar\.m2\repository\org\apiguardian\apiguardian-api\1.1.0\apiguardian-api-1.1.0.jar;C:\Users\cesar\.m2\repository\org\opentest4j\opentest4j\1.2.0\opentest4j-1.2.0.jar;C:\Users\cesar\.m2\repository\org\junit\platform\junit-platform-commons\1.6.0\junit-platform-commons-1.6.0.jar;C:\Users\cesar\.m2\repository\org\junit\jupiter\junit-jupiter-params\5.6.0\junit-jupiter-params-5.6.0.jar;C:\Users\cesar\.m2\repository\org\junit\jupiter\junit-jupiter-engine\5.6.0\junit-jupiter-engine-5.6.0.jar;C:\Users\cesar\.m2\repository\org\junit\platform\junit-platform-engine\1.6.0\junit-platform-engine-1.6.0.jar;C:\Users\cesar\.m2\repository\org\hamcrest\hamcrest-core\1.3\hamcrest-core-1.3.jar;C:\Users\cesar\.m2\repository\junit\junit\4.12\junit-4.12.jar;"/>
    <property name="sun.cpu.endian" value="little"/>
    <property name="user.home" value="C:\Users\cesar"/>
    <property name="user.language" value="en"/>
    <property name="java.specification.vendor" value="Oracle Corporation"/>
    <property name="java.version.date" value="2022-10-18"/>
    <property name="java.home" value="C:\Program Files\Java\jdk-19"/>
    <property name="file.separator" value="\"/>
    <property name="basedir" value="C:\Users\cesar\OneDrive\Desktop\Urbanization Treasury v 3.0.0\UrbanizationTreasurySystem"/>
    <property name="java.vm.compressedOopsMode" value="32-bit"/>
    <property name="line.separator" value="&#10;"/>
    <property name="java.vm.specification.vendor" value="Oracle Corporation"/>
    <property name="java.specification.name" value="Java Platform API Specification"/>
    <property name="surefire.real.class.path" value="C:\Users\cesar\AppData\Local\Temp\surefire4579391404437693281\surefirebooter4389673806835949269.jar"/>
    <property name="user.script" value=""/>
    <property name="sun.management.compiler" value="HotSpot 64-Bit Tiered Compilers"/>
    <property name="java.runtime.version" value="19.0.1+10-21"/>
    <property name="user.name" value="cesar"/>
    <property name="stdout.encoding" value="Cp1252"/>
    <property name="path.separator" value=";"/>
    <property name="os.version" value="10.0"/>
    <property name="java.runtime.name" value="Java(TM) SE Runtime Environment"/>
    <property name="file.encoding" value="UTF-8"/>
    <property name="java.vm.name" value="Java HotSpot(TM) 64-Bit Server VM"/>
    <property name="maven.ext.class.path" value="C:\Program Files\NetBeans-15\netbeans\java\maven-nblib\netbeans-eventspy.jar"/>
    <property name="localRepository" value="C:\Users\cesar\.m2\repository"/>
    <property name="java.vendor.url.bug" value="https://bugreport.java.com/bugreport/"/>
    <property name="java.io.tmpdir" value="C:\Users\cesar\AppData\Local\Temp\"/>
    <property name="java.version" value="19.0.1"/>
    <property name="user.dir" value="C:\Users\cesar\OneDrive\Desktop\Urbanization Treasury v 3.0.0\UrbanizationTreasurySystem"/>
    <property name="os.arch" value="amd64"/>
    <property name="java.vm.specification.name" value="Java Virtual Machine Specification"/>
    <property name="sun.os.patch.level" value=""/>
    <property name="native.encoding" value="Cp1252"/>
    <property name="java.library.path" value="C:\Program Files\Java\jdk-19\bin;C:\Windows\Sun\Java\bin;C:\Windows\system32;C:\Windows;C:\Program Files\Common Files\Oracle\Java\javapath;C:\Program Files (x86)\Common Files\Oracle\Java\javapath;C:\Windows\system32;C:\Windows;C:\Windows\System32\Wbem;C:\Windows\System32\WindowsPowerShell\v1.0\;C:\Windows\System32\OpenSSH\;C:\Program Files\dotnet\;C:\Program Files\Git\cmd;C:\Users\cesar\AppData\Local\Programs\Python\Python310\Scripts\;C:\Users\cesar\AppData\Local\Programs\Python\Python310\;C:\Users\cesar\AppData\Local\Microsoft\WindowsApps;;C:\Users\cesar\AppData\Local\Programs\Microsoft VS Code\bin;."/>
    <property name="java.vm.info" value="mixed mode, sharing"/>
    <property name="stderr.encoding" value="Cp1252"/>
    <property name="java.vendor" value="Oracle Corporation"/>
    <property name="java.vm.version" value="19.0.1+10-21"/>
    <property name="sun.io.unicode.encoding" value="UnicodeLittle"/>
    <property name="java.class.version" value="63.0"/>
  </properties>
  <testcase name="testUpdatePaymentToDelete" classname="ec.edu.espe.urbanizationtreasury.controller.PaymentControllerTest" time="0.464">
    <error message="Cannot invoke &quot;javax.swing.table.DefaultTableModel.getDataVector()&quot; because &quot;model&quot; is null" type="java.lang.NullPointerException">java.lang.NullPointerException: Cannot invoke "javax.swing.table.DefaultTableModel.getDataVector()" because "model" is null
	at ec.edu.espe.urbanizationtreasury.controller.PaymentControllerTest.testUpdatePaymentToDelete(PaymentControllerTest.java:56)
</error>
    <system-out><![CDATA[updatePaymentToDelete
]]></system-out>
  </testcase>
  <testcase name="testPaymentTypeSelected" classname="ec.edu.espe.urbanizationtreasury.controller.PaymentControllerTest" time="3.666"/>
  <testcase name="testAddNewPayment" classname="ec.edu.espe.urbanizationtreasury.controller.PaymentControllerTest" time="0.037">
    <error message="Cannot invoke &quot;javax.swing.JTextField.getText()&quot; because &quot;txtId&quot; is null" type="java.lang.NullPointerException">java.lang.NullPointerException: Cannot invoke "javax.swing.JTextField.getText()" because "txtId" is null
	at ec.edu.espe.urbanizationtreasury.controller.PaymentControllerTest.testAddNewPayment(PaymentControllerTest.java:99)
</error>
    <system-out><![CDATA[addNewPayment
]]></system-out>
  </testcase>
  <testcase name="testSearchPaymentToDelete" classname="ec.edu.espe.urbanizationtreasury.controller.PaymentControllerTest" time="0.019">
    <error message="Cannot invoke &quot;javax.swing.JTextField.getText()&quot; because &quot;txtId&quot; is null" type="java.lang.NullPointerException">java.lang.NullPointerException: Cannot invoke "javax.swing.JTextField.getText()" because "txtId" is null
	at ec.edu.espe.urbanizationtreasury.controller.PaymentControllerTest.testSearchPaymentToDelete(PaymentControllerTest.java:36)
</error>
    <system-out><![CDATA[searchPaymentToDelete
]]></system-out>
  </testcase>
  <testcase name="testSelectPaymentType" classname="ec.edu.espe.urbanizationtreasury.controller.PaymentControllerTest" time="0.021">
    <error message="Cannot invoke &quot;javax.swing.ButtonGroup.add(javax.swing.AbstractButton)&quot; because &quot;bgPaymentType&quot; is null" type="java.lang.NullPointerException">java.lang.NullPointerException: Cannot invoke "javax.swing.ButtonGroup.add(javax.swing.AbstractButton)" because "bgPaymentType" is null
	at ec.edu.espe.urbanizationtreasury.controller.PaymentControllerTest.testSelectPaymentType(PaymentControllerTest.java:74)
</error>
    <system-out><![CDATA[selectPaymentType
]]></system-out>
  </testcase>
</testsuite>